<?xml version="1.0" encoding="UTF-8"?>
<testsuites>
  <testsuite name="CodeIgniter Application Test Suite" tests="27" assertions="47" failures="0" errors="0" time="1.310000">
    <testsuite name="Api_test" file="C:\wamp64\www\reservation\application\tests\controllers\Api_test.php" tests="12" assertions="12" failures="0" errors="0" time="0.530000">
      <testcase name="test_locations" class="Api_test" file="C:\wamp64\www\reservation\application\tests\controllers\Api_test.php" line="13" assertions="1" time="0.045000"/>
      <testcase name="test_location" class="Api_test" file="C:\wamp64\www\reservation\application\tests\controllers\Api_test.php" line="19" assertions="1" time="0.039000"/>
      <testcase name="test_stands" class="Api_test" file="C:\wamp64\www\reservation\application\tests\controllers\Api_test.php" line="25" assertions="1" time="0.040000"/>
      <testcase name="test_company" class="Api_test" file="C:\wamp64\www\reservation\application\tests\controllers\Api_test.php" line="31" assertions="1" time="0.040000"/>
      <testcase name="test_companies" class="Api_test" file="C:\wamp64\www\reservation\application\tests\controllers\Api_test.php" line="37" assertions="1" time="0.038000"/>
      <testcase name="test_email" class="Api_test" file="C:\wamp64\www\reservation\application\tests\controllers\Api_test.php" line="43" assertions="1" time="0.047000"/>
      <testcase name="test_create_company" class="Api_test" file="C:\wamp64\www\reservation\application\tests\controllers\Api_test.php" line="49" assertions="1" time="0.040000"/>
      <testcase name="test_create_company_error" class="Api_test" file="C:\wamp64\www\reservation\application\tests\controllers\Api_test.php" line="56" assertions="1" time="0.079000"/>
      <testcase name="test_send_email" class="Api_test" file="C:\wamp64\www\reservation\application\tests\controllers\Api_test.php" line="81" assertions="1" time="0.064000"/>
      <testcase name="test_send_email_fail" class="Api_test" file="C:\wamp64\www\reservation\application\tests\controllers\Api_test.php" line="94" assertions="1" time="0.052000"/>
      <testcase name="test_method_404" class="Api_test" file="C:\wamp64\www\reservation\application\tests\controllers\Api_test.php" line="107" assertions="1" time="0.032000"/>
      <testcase name="test_APPPATH" class="Api_test" file="C:\wamp64\www\reservation\application\tests\controllers\Api_test.php" line="113" assertions="1" time="0.014000"/>
    </testsuite>
    <testsuite name="Home_test" file="C:\wamp64\www\reservation\application\tests\controllers\Home_test.php" tests="3" assertions="3" failures="0" errors="0" time="0.096000">
      <testcase name="test_index" class="Home_test" file="C:\wamp64\www\reservation\application\tests\controllers\Home_test.php" line="13" assertions="1" time="0.047000"/>
      <testcase name="test_method_404" class="Home_test" file="C:\wamp64\www\reservation\application\tests\controllers\Home_test.php" line="19" assertions="1" time="0.035000"/>
      <testcase name="test_APPPATH" class="Home_test" file="C:\wamp64\www\reservation\application\tests\controllers\Home_test.php" line="25" assertions="1" time="0.014000"/>
    </testsuite>
    <testsuite name="Templates_test" file="C:\wamp64\www\reservation\application\tests\controllers\Templates_test.php" tests="5" assertions="5" failures="0" errors="0" time="0.129000">
      <testcase name="test_index" class="Templates_test" file="C:\wamp64\www\reservation\application\tests\controllers\Templates_test.php" line="13" assertions="1" time="0.030000"/>
      <testcase name="test_email" class="Templates_test" file="C:\wamp64\www\reservation\application\tests\controllers\Templates_test.php" line="19" assertions="1" time="0.028000"/>
      <testcase name="test_booking" class="Templates_test" file="C:\wamp64\www\reservation\application\tests\controllers\Templates_test.php" line="25" assertions="1" time="0.034000"/>
      <testcase name="test_method_404" class="Templates_test" file="C:\wamp64\www\reservation\application\tests\controllers\Templates_test.php" line="31" assertions="1" time="0.027000"/>
      <testcase name="test_APPPATH" class="Templates_test" file="C:\wamp64\www\reservation\application\tests\controllers\Templates_test.php" line="37" assertions="1" time="0.010000"/>
    </testsuite>
    <testsuite name="Company_model_test" file="C:\wamp64\www\reservation\application\tests\models\Company_model_test.php" tests="3" assertions="10" failures="0" errors="0" time="0.364000">
      <testcase name="test_get_companies" class="Company_model_test" file="C:\wamp64\www\reservation\application\tests\models\Company_model_test.php" line="8" assertions="4" time="0.243000"/>
      <testcase name="test_get_company" class="Company_model_test" file="C:\wamp64\www\reservation\application\tests\models\Company_model_test.php" line="47" assertions="4" time="0.059000"/>
      <testcase name="test_insert_company" class="Company_model_test" file="C:\wamp64\www\reservation\application\tests\models\Company_model_test.php" line="88" assertions="2" time="0.062000"/>
    </testsuite>
    <testsuite name="Location_model_test" file="C:\wamp64\www\reservation\application\tests\models\Location_model_test.php" tests="2" assertions="9" failures="0" errors="0" time="0.098000">
      <testcase name="test_get_locations" class="Location_model_test" file="C:\wamp64\www\reservation\application\tests\models\Location_model_test.php" line="8" assertions="5" time="0.059000"/>
      <testcase name="test_get_location" class="Location_model_test" file="C:\wamp64\www\reservation\application\tests\models\Location_model_test.php" line="48" assertions="4" time="0.039000"/>
    </testsuite>
    <testsuite name="Stands_model_test" file="C:\wamp64\www\reservation\application\tests\models\Stands_model_test.php" tests="2" assertions="8" failures="0" errors="0" time="0.093000">
      <testcase name="test_get_stands" class="Stands_model_test" file="C:\wamp64\www\reservation\application\tests\models\Stands_model_test.php" line="8" assertions="6" time="0.038000"/>
      <testcase name="test_updateStatus" class="Stands_model_test" file="C:\wamp64\www\reservation\application\tests\models\Stands_model_test.php" line="49" assertions="2" time="0.055000"/>
    </testsuite>
  </testsuite>
</testsuites>
